2008-08-17 08:13:34,703 - ResourceManager : found /html/nds/website/init.vml with loader nds.velocity.WebappLoader
2008-08-17 08:13:34,718 - ResourceManager : found /html/nds/website/001/init.vml with loader nds.velocity.WebappLoader
2008-08-17 08:13:56,218 - ResourceManager : found /html/nds/website/001/index.vml with loader nds.velocity.WebappLoader
2008-08-17 08:13:56,218 - ResourceManager : found /html/nds/website/init.vml with loader nds.velocity.WebappLoader
2008-08-17 08:13:56,265 - ResourceManager : found /html/nds/website/001/init.vml with loader nds.velocity.WebappLoader
2008-08-17 08:14:05,281 - ResourceManager : found /html/nds/website/002/index.vml with loader nds.velocity.WebappLoader
2008-08-17 08:14:05,281 - ResourceManager : found /html/nds/website/init.vml with loader nds.velocity.WebappLoader
2008-08-17 08:14:05,296 - ResourceManager : found /html/nds/website/002/init.vml with loader nds.velocity.WebappLoader
2008-08-17 08:14:05,390 - ResourceManager : found /html/nds/website/news_init.vml with loader nds.velocity.WebappLoader
2008-08-17 08:14:35,046 - ResourceManager : found /html/nds/website/003/index.vml with loader nds.velocity.WebappLoader
2008-08-17 08:14:35,046 - ResourceManager : found /html/nds/website/init.vml with loader nds.velocity.WebappLoader
2008-08-17 08:14:35,109 - ResourceManager : found /html/nds/website/003/init.vml with loader nds.velocity.WebappLoader
2008-08-17 08:14:35,203 - ResourceManager : found /html/nds/website/news_init.vml with loader nds.velocity.WebappLoader
2008-08-17 08:14:45,671 - ResourceManager : found /html/nds/website/003/process.vml with loader nds.velocity.WebappLoader
2008-08-17 08:14:45,671 - ResourceManager : found /html/nds/website/init.vml with loader nds.velocity.WebappLoader
2008-08-17 08:14:45,718 - ResourceManager : found /html/nds/website/003/init.vml with loader nds.velocity.WebappLoader
2008-08-17 08:14:45,734 - ResourceManager : found /html/nds/website/news_init.vml with loader nds.velocity.WebappLoader
2008-08-17 08:14:53,375 - ResourceManager : found /html/nds/website/004/process.vml with loader nds.velocity.WebappLoader
2008-08-17 08:14:53,390 - ResourceManager : found /html/nds/website/init.vml with loader nds.velocity.WebappLoader
2008-08-17 08:14:53,406 - ResourceManager : found /html/nds/website/004/init.vml with loader nds.velocity.WebappLoader
2008-08-17 08:14:53,468 - ResourceManager : found /html/nds/website/news_init.vml with loader nds.velocity.WebappLoader
2008-08-17 08:14:57,328 - ResourceManager : found /html/nds/website/004/index.vml with loader nds.velocity.WebappLoader
2008-08-17 08:14:57,328 - ResourceManager : found /html/nds/website/init.vml with loader nds.velocity.WebappLoader
2008-08-17 08:14:57,453 - ResourceManager : found /html/nds/website/004/init.vml with loader nds.velocity.WebappLoader
2008-08-17 08:14:57,875 - ResourceManager : found /html/nds/website/news_init.vml with loader nds.velocity.WebappLoader
2008-08-17 08:15:09,140 - ResourceManager : found /html/nds/website/005/index.vml with loader nds.velocity.WebappLoader
2008-08-17 08:15:09,140 - ResourceManager : found /html/nds/website/init.vml with loader nds.velocity.WebappLoader
2008-08-17 08:15:09,375 - ResourceManager : found /html/nds/website/005/init.vml with loader nds.velocity.WebappLoader
2008-08-17 08:15:09,531 - ResourceManager : found /html/nds/website/news_init.vml with loader nds.velocity.WebappLoader
2008-08-17 08:15:18,625 - ResourceManager : found /html/nds/website/006/index.vml with loader nds.velocity.WebappLoader
2008-08-17 08:15:18,640 - ResourceManager : found /html/nds/website/init.vml with loader nds.velocity.WebappLoader
2008-08-17 08:15:18,687 - ResourceManager : found /html/nds/website/006/init.vml with loader nds.velocity.WebappLoader
2008-08-17 08:15:18,750 - ResourceManager : found /html/nds/website/news_init.vml with loader nds.velocity.WebappLoader
2008-08-17 08:15:45,671 - ResourceManager : found /html/nds/website/007/index.vml with loader nds.velocity.WebappLoader
2008-08-17 08:15:45,671 - ResourceManager : found /html/nds/website/init.vml with loader nds.velocity.WebappLoader
2008-08-17 08:15:45,703 - ResourceManager : found /html/nds/website/007/init.vml with loader nds.velocity.WebappLoader
2008-08-17 08:15:45,843 - ResourceManager : found /html/nds/website/news_init.vml with loader nds.velocity.WebappLoader
2008-08-17 08:15:54,421 - ResourceManager : found /html/nds/website/007/transport.vml with loader nds.velocity.WebappLoader
2008-08-17 08:15:54,421 - ResourceManager : found /html/nds/website/init.vml with loader nds.velocity.WebappLoader
2008-08-17 08:15:54,468 - ResourceManager : found /html/nds/website/007/init.vml with loader nds.velocity.WebappLoader
2008-08-17 08:15:54,484 - ResourceManager : found /html/nds/website/news_init.vml with loader nds.velocity.WebappLoader
2008-08-17 08:16:00,609 - ResourceManager : found /html/nds/website/008/transport.vml with loader nds.velocity.WebappLoader
2008-08-17 08:16:00,625 - ResourceManager : found /html/nds/website/init.vml with loader nds.velocity.WebappLoader
2008-08-17 08:16:00,953 - ResourceManager : found /html/nds/website/008/init.vml with loader nds.velocity.WebappLoader
2008-08-17 08:16:01,000 - ResourceManager : found /html/nds/website/news_init.vml with loader nds.velocity.WebappLoader
2008-08-17 08:16:08,828 - ResourceManager : found /html/nds/website/009/transport.vml with loader nds.velocity.WebappLoader
2008-08-17 08:16:08,828 - ResourceManager : found /html/nds/website/init.vml with loader nds.velocity.WebappLoader
2008-08-17 08:16:08,843 - ResourceManager : found /html/nds/website/009/init.vml with loader nds.velocity.WebappLoader
2008-08-17 08:16:08,906 - ResourceManager : found /html/nds/website/news_init.vml with loader nds.velocity.WebappLoader
2008-08-17 08:18:01,125 - ResourceManager : found /html/nds/website/001/index.vml with loader nds.velocity.WebappLoader
2008-08-17 08:18:01,125 - ResourceManager : found /html/nds/website/init.vml with loader nds.velocity.WebappLoader
2008-08-17 08:18:01,140 - ResourceManager : found /html/nds/website/001/init.vml with loader nds.velocity.WebappLoader
2008-08-17 08:18:22,937 - ResourceManager : found /html/nds/website/001/about.vml with loader nds.velocity.WebappLoader
2008-08-17 08:18:22,953 - ResourceManager : found /html/nds/website/init.vml with loader nds.velocity.WebappLoader
2008-08-17 08:22:03,265 - ResourceManager : unable to find resource '/html/nds/website/001/bbq.vml' in any resource loader.
2008-08-17 08:22:03,265 - VelocityViewServlet: Exception processing the template: org.apache.velocity.exception.ResourceNotFoundException: Unable to find resource '/html/nds/website/001/bbq.vml'
2008-08-17 09:03:36,203 - SimpleLog4JLogSystem initialized using logfile 'velocity.log'
2008-08-17 09:03:36,203 - ************************************************************** 
2008-08-17 09:03:36,203 - Starting Jakarta Velocity v1.4
2008-08-17 09:03:36,203 - RuntimeInstance initializing.
2008-08-17 09:03:36,203 - Default Properties File: org\apache\velocity\runtime\defaults\velocity.properties
2008-08-17 09:03:36,203 - Trying to use logger class org.apache.velocity.runtime.log.AvalonLogSystem
2008-08-17 09:03:36,203 - Couldn't find class org.apache.velocity.runtime.log.AvalonLogSystem or necessary supporting classes in classpath. Exception : java.lang.NoClassDefFoundError: org/apache/log/format/Formatter
2008-08-17 09:03:36,203 - Trying to use logger class org.apache.velocity.runtime.log.SimpleLog4JLogSystem
2008-08-17 09:03:36,203 - Using logger class org.apache.velocity.runtime.log.SimpleLog4JLogSystem
2008-08-17 09:03:36,203 - Default ResourceManager initializing. (class org.apache.velocity.runtime.resource.ResourceManagerImpl)
2008-08-17 09:03:36,218 - Resource Loader Instantiated: nds.velocity.WebappLoader
2008-08-17 09:03:36,218 - ResourceCache : initialized. (class org.apache.velocity.runtime.resource.ResourceCacheImpl)
2008-08-17 09:03:36,218 - Default ResourceManager initialization complete.
2008-08-17 09:03:36,218 - Loaded System Directive: org.apache.velocity.runtime.directive.Literal
2008-08-17 09:03:36,218 - Loaded System Directive: org.apache.velocity.runtime.directive.Macro
2008-08-17 09:03:36,218 - Loaded System Directive: org.apache.velocity.runtime.directive.Parse
2008-08-17 09:03:36,218 - Loaded System Directive: org.apache.velocity.runtime.directive.Include
2008-08-17 09:03:36,218 - Loaded System Directive: org.apache.velocity.runtime.directive.Foreach
2008-08-17 09:03:36,234 - Created: 20 parsers.
2008-08-17 09:03:36,234 - Velocimacro : initialization starting.
2008-08-17 09:03:36,234 - Velocimacro : adding VMs from VM library template : VM_global_library.vm
2008-08-17 09:03:36,234 - ResourceManager : unable to find resource 'VM_global_library.vm' in any resource loader.
2008-08-17 09:03:36,234 - Velocimacro : error using  VM library template VM_global_library.vm : org.apache.velocity.exception.ResourceNotFoundException: Unable to find resource 'VM_global_library.vm'
2008-08-17 09:03:36,234 - Velocimacro :  VM library template macro registration complete.
2008-08-17 09:03:36,234 - Velocimacro : allowInline = true : VMs can be defined inline in templates
2008-08-17 09:03:36,234 - Velocimacro : allowInlineToOverride = false : VMs defined inline may NOT replace previous VM definitions
2008-08-17 09:03:36,234 - Velocimacro : allowInlineLocal = false : VMs defined inline will be  global in scope if allowed.
2008-08-17 09:03:36,234 - Velocimacro : messages on  : VM system will output logging messages
2008-08-17 09:03:36,234 - Velocimacro : autoload on  : VM system will automatically reload global library macros
2008-08-17 09:03:36,234 - Velocimacro : initialization complete.
2008-08-17 09:03:36,234 - Velocity successfully started.
2008-08-17 09:03:36,406 - ResourceManager : found /html/nds/website/001/index.vml with loader nds.velocity.WebappLoader
2008-08-17 09:03:36,421 - ResourceManager : found /html/nds/website/init.vml with loader nds.velocity.WebappLoader
2008-08-17 09:03:36,640 - ResourceManager : found /html/nds/website/001/init.vml with loader nds.velocity.WebappLoader
2008-08-17 09:03:48,921 - ResourceManager : found /html/nds/website/001/index.vml with loader nds.velocity.WebappLoader
2008-08-17 09:03:49,500 - ResourceManager : found /html/nds/website/init.vml with loader nds.velocity.WebappLoader
2008-08-17 09:03:49,531 - ResourceManager : found /html/nds/website/001/init.vml with loader nds.velocity.WebappLoader
2008-08-17 09:03:52,875 - ResourceManager : found /html/nds/website/001/index.vml with loader nds.velocity.WebappLoader
2008-08-17 09:03:52,875 - ResourceManager : found /html/nds/website/init.vml with loader nds.velocity.WebappLoader
2008-08-17 09:03:52,890 - ResourceManager : found /html/nds/website/001/init.vml with loader nds.velocity.WebappLoader
2008-08-17 09:04:03,062 - ResourceManager : found /html/nds/website/001/index.vml with loader nds.velocity.WebappLoader
2008-08-17 09:04:03,078 - ResourceManager : found /html/nds/website/init.vml with loader nds.velocity.WebappLoader
2008-08-17 09:04:03,093 - ResourceManager : found /html/nds/website/001/init.vml with loader nds.velocity.WebappLoader
2008-08-17 09:04:05,046 - ResourceManager : found /html/nds/website/001/index.vml with loader nds.velocity.WebappLoader
2008-08-17 09:04:05,062 - ResourceManager : found /html/nds/website/init.vml with loader nds.velocity.WebappLoader
2008-08-17 09:04:05,078 - ResourceManager : found /html/nds/website/001/init.vml with loader nds.velocity.WebappLoader
2008-08-17 09:05:12,875 - ResourceManager : found /html/nds/website/001/index.vml with loader nds.velocity.WebappLoader
2008-08-17 09:05:12,890 - ResourceManager : found /html/nds/website/init.vml with loader nds.velocity.WebappLoader
2008-08-17 09:05:12,906 - ResourceManager : found /html/nds/website/001/init.vml with loader nds.velocity.WebappLoader
2008-08-17 09:05:23,156 - ResourceManager : found /html/nds/website/001/about.vml with loader nds.velocity.WebappLoader
2008-08-17 09:05:23,171 - ResourceManager : found /html/nds/website/init.vml with loader nds.velocity.WebappLoader
2008-08-17 09:05:35,343 - ResourceManager : found /html/nds/website/001/index.vml with loader nds.velocity.WebappLoader
2008-08-17 09:05:35,359 - ResourceManager : found /html/nds/website/init.vml with loader nds.velocity.WebappLoader
2008-08-17 09:05:35,359 - ResourceManager : found /html/nds/website/001/init.vml with loader nds.velocity.WebappLoader
2008-08-17 09:31:22,156 - SimpleLog4JLogSystem initialized using logfile 'velocity.log'
2008-08-17 09:31:22,156 - ************************************************************** 
2008-08-17 09:31:22,156 - Starting Jakarta Velocity v1.4
2008-08-17 09:31:22,156 - RuntimeInstance initializing.
2008-08-17 09:31:22,156 - Default Properties File: org\apache\velocity\runtime\defaults\velocity.properties
2008-08-17 09:31:22,156 - Trying to use logger class org.apache.velocity.runtime.log.AvalonLogSystem
2008-08-17 09:31:22,156 - Couldn't find class org.apache.velocity.runtime.log.AvalonLogSystem or necessary supporting classes in classpath. Exception : java.lang.NoClassDefFoundError: org/apache/log/format/Formatter
2008-08-17 09:31:22,156 - Trying to use logger class org.apache.velocity.runtime.log.SimpleLog4JLogSystem
2008-08-17 09:31:22,156 - Using logger class org.apache.velocity.runtime.log.SimpleLog4JLogSystem
2008-08-17 09:31:22,156 - Default ResourceManager initializing. (class org.apache.velocity.runtime.resource.ResourceManagerImpl)
2008-08-17 09:31:22,156 - Resource Loader Instantiated: nds.velocity.WebappLoader
2008-08-17 09:31:22,156 - ResourceCache : initialized. (class org.apache.velocity.runtime.resource.ResourceCacheImpl)
2008-08-17 09:31:22,156 - Default ResourceManager initialization complete.
2008-08-17 09:31:22,156 - Loaded System Directive: org.apache.velocity.runtime.directive.Literal
2008-08-17 09:31:22,156 - Loaded System Directive: org.apache.velocity.runtime.directive.Macro
2008-08-17 09:31:22,156 - Loaded System Directive: org.apache.velocity.runtime.directive.Parse
2008-08-17 09:31:22,156 - Loaded System Directive: org.apache.velocity.runtime.directive.Include
2008-08-17 09:31:22,156 - Loaded System Directive: org.apache.velocity.runtime.directive.Foreach
2008-08-17 09:31:22,156 - Created: 20 parsers.
2008-08-17 09:31:22,156 - Velocimacro : initialization starting.
2008-08-17 09:31:22,156 - Velocimacro : adding VMs from VM library template : VM_global_library.vm
2008-08-17 09:31:22,156 - ResourceManager : unable to find resource 'VM_global_library.vm' in any resource loader.
2008-08-17 09:31:22,171 - Velocimacro : error using  VM library template VM_global_library.vm : org.apache.velocity.exception.ResourceNotFoundException: Unable to find resource 'VM_global_library.vm'
2008-08-17 09:31:22,171 - Velocimacro :  VM library template macro registration complete.
2008-08-17 09:31:22,171 - Velocimacro : allowInline = true : VMs can be defined inline in templates
2008-08-17 09:31:22,171 - Velocimacro : allowInlineToOverride = false : VMs defined inline may NOT replace previous VM definitions
2008-08-17 09:31:22,171 - Velocimacro : allowInlineLocal = false : VMs defined inline will be  global in scope if allowed.
2008-08-17 09:31:22,171 - Velocimacro : messages on  : VM system will output logging messages
2008-08-17 09:31:22,171 - Velocimacro : autoload on  : VM system will automatically reload global library macros
2008-08-17 09:31:22,171 - Velocimacro : initialization complete.
2008-08-17 09:31:22,171 - Velocity successfully started.
2008-08-17 09:33:00,640 - SimpleLog4JLogSystem initialized using logfile 'velocity.log'
2008-08-17 09:33:00,640 - ************************************************************** 
2008-08-17 09:33:00,640 - Starting Jakarta Velocity v1.4
2008-08-17 09:33:00,640 - RuntimeInstance initializing.
2008-08-17 09:33:00,656 - Default Properties File: org\apache\velocity\runtime\defaults\velocity.properties
2008-08-17 09:33:00,656 - Trying to use logger class org.apache.velocity.runtime.log.AvalonLogSystem
2008-08-17 09:33:00,656 - Couldn't find class org.apache.velocity.runtime.log.AvalonLogSystem or necessary supporting classes in classpath. Exception : java.lang.NoClassDefFoundError: org/apache/log/format/Formatter
2008-08-17 09:33:00,656 - Trying to use logger class org.apache.velocity.runtime.log.SimpleLog4JLogSystem
2008-08-17 09:33:00,656 - Using logger class org.apache.velocity.runtime.log.SimpleLog4JLogSystem
2008-08-17 09:33:00,656 - Default ResourceManager initializing. (class org.apache.velocity.runtime.resource.ResourceManagerImpl)
2008-08-17 09:33:00,656 - Resource Loader Instantiated: nds.velocity.WebappLoader
2008-08-17 09:33:00,656 - ResourceCache : initialized. (class org.apache.velocity.runtime.resource.ResourceCacheImpl)
2008-08-17 09:33:00,656 - Default ResourceManager initialization complete.
2008-08-17 09:33:00,656 - Loaded System Directive: org.apache.velocity.runtime.directive.Literal
2008-08-17 09:33:00,656 - Loaded System Directive: org.apache.velocity.runtime.directive.Macro
2008-08-17 09:33:00,656 - Loaded System Directive: org.apache.velocity.runtime.directive.Parse
2008-08-17 09:33:00,656 - Loaded System Directive: org.apache.velocity.runtime.directive.Include
2008-08-17 09:33:00,656 - Loaded System Directive: org.apache.velocity.runtime.directive.Foreach
2008-08-17 09:33:00,656 - Created: 20 parsers.
2008-08-17 09:33:00,656 - Velocimacro : initialization starting.
2008-08-17 09:33:00,656 - Velocimacro : adding VMs from VM library template : VM_global_library.vm
2008-08-17 09:33:00,656 - ResourceManager : unable to find resource 'VM_global_library.vm' in any resource loader.
2008-08-17 09:33:00,656 - Velocimacro : error using  VM library template VM_global_library.vm : org.apache.velocity.exception.ResourceNotFoundException: Unable to find resource 'VM_global_library.vm'
2008-08-17 09:33:00,656 - Velocimacro :  VM library template macro registration complete.
2008-08-17 09:33:00,656 - Velocimacro : allowInline = true : VMs can be defined inline in templates
2008-08-17 09:33:00,656 - Velocimacro : allowInlineToOverride = false : VMs defined inline may NOT replace previous VM definitions
2008-08-17 09:33:00,656 - Velocimacro : allowInlineLocal = false : VMs defined inline will be  global in scope if allowed.
2008-08-17 09:33:00,656 - Velocimacro : messages on  : VM system will output logging messages
2008-08-17 09:33:00,656 - Velocimacro : autoload on  : VM system will automatically reload global library macros
2008-08-17 09:33:00,656 - Velocimacro : initialization complete.
2008-08-17 09:33:00,656 - Velocity successfully started.
2008-08-17 09:33:01,078 - ResourceManager : found /html/nds/website/001/index.vml with loader nds.velocity.WebappLoader
2008-08-17 09:33:01,109 - ResourceManager : found /html/nds/website/init.vml with loader nds.velocity.WebappLoader
2008-08-17 09:33:01,421 - ResourceManager : found /html/nds/website/001/init.vml with loader nds.velocity.WebappLoader
2008-08-17 09:33:11,578 - ResourceManager : found /html/nds/website/001/index.vml with loader nds.velocity.WebappLoader
2008-08-17 09:33:11,593 - ResourceManager : found /html/nds/website/init.vml with loader nds.velocity.WebappLoader
2008-08-17 09:33:11,609 - ResourceManager : found /html/nds/website/001/init.vml with loader nds.velocity.WebappLoader
2008-08-17 09:33:18,265 - ResourceManager : found /html/nds/website/001/index.vml with loader nds.velocity.WebappLoader
2008-08-17 09:33:18,281 - ResourceManager : found /html/nds/website/init.vml with loader nds.velocity.WebappLoader
2008-08-17 09:33:18,296 - ResourceManager : found /html/nds/website/001/init.vml with loader nds.velocity.WebappLoader
2008-08-17 09:34:06,562 - ResourceManager : found /html/nds/website/001/index.vml with loader nds.velocity.WebappLoader
2008-08-17 09:34:06,578 - ResourceManager : found /html/nds/website/init.vml with loader nds.velocity.WebappLoader
2008-08-17 09:34:06,593 - ResourceManager : found /html/nds/website/001/init.vml with loader nds.velocity.WebappLoader
2008-08-17 09:45:28,531 - ResourceManager : found /html/nds/website/001/index.vml with loader nds.velocity.WebappLoader
2008-08-17 09:45:28,531 - ResourceManager : found /html/nds/website/init.vml with loader nds.velocity.WebappLoader
2008-08-17 09:45:28,562 - ResourceManager : found /html/nds/website/001/init.vml with loader nds.velocity.WebappLoader
2008-08-17 09:45:31,062 - ResourceManager : found /html/nds/website/001/index.vml with loader nds.velocity.WebappLoader
2008-08-17 09:45:31,062 - ResourceManager : found /html/nds/website/init.vml with loader nds.velocity.WebappLoader
2008-08-17 09:45:31,078 - ResourceManager : found /html/nds/website/001/init.vml with loader nds.velocity.WebappLoader
2008-08-17 09:45:35,093 - ResourceManager : found /html/nds/website/001/about.vml with loader nds.velocity.WebappLoader
2008-08-17 09:45:35,359 - ResourceManager : found /html/nds/website/init.vml with loader nds.velocity.WebappLoader
2008-08-17 09:45:37,031 - ResourceManager : found /html/nds/website/001/process.vml with loader nds.velocity.WebappLoader
2008-08-17 09:45:37,031 - ResourceManager : found /html/nds/website/init.vml with loader nds.velocity.WebappLoader
2008-08-17 09:45:42,921 - ResourceManager : found /html/nds/website/001/transport.vml with loader nds.velocity.WebappLoader
2008-08-17 09:45:42,921 - ResourceManager : found /html/nds/website/init.vml with loader nds.velocity.WebappLoader
2008-08-17 09:45:46,484 - ResourceManager : found /html/nds/website/001/feedback.vml with loader nds.velocity.WebappLoader
2008-08-17 09:45:46,484 - ResourceManager : found /html/nds/website/init.vml with loader nds.velocity.WebappLoader
2008-08-17 09:45:50,265 - ResourceManager : found /html/nds/website/001/contact.vml with loader nds.velocity.WebappLoader
2008-08-17 09:45:50,281 - ResourceManager : found /html/nds/website/init.vml with loader nds.velocity.WebappLoader
2008-08-17 09:46:18,984 - ResourceManager : found /html/nds/website/001/about.vml with loader nds.velocity.WebappLoader
2008-08-17 09:46:19,015 - ResourceManager : found /html/nds/website/init.vml with loader nds.velocity.WebappLoader
2008-08-17 09:46:21,750 - ResourceManager : found /html/nds/website/001/process.vml with loader nds.velocity.WebappLoader
2008-08-17 09:46:21,750 - ResourceManager : found /html/nds/website/init.vml with loader nds.velocity.WebappLoader
2008-08-17 09:47:32,375 - ResourceManager : found /html/nds/website/001/index.vml with loader nds.velocity.WebappLoader
2008-08-17 09:47:32,593 - ResourceManager : found /html/nds/website/init.vml with loader nds.velocity.WebappLoader
2008-08-17 09:47:32,625 - ResourceManager : found /html/nds/website/001/init.vml with loader nds.velocity.WebappLoader
2008-08-17 09:47:40,875 - ResourceManager : found /html/nds/website/001/index.vml with loader nds.velocity.WebappLoader
2008-08-17 09:47:40,890 - ResourceManager : found /html/nds/website/init.vml with loader nds.velocity.WebappLoader
2008-08-17 09:47:40,906 - ResourceManager : found /html/nds/website/001/init.vml with loader nds.velocity.WebappLoader
2008-08-17 09:47:47,375 - ResourceManager : found /html/nds/website/001/index.vml with loader nds.velocity.WebappLoader
2008-08-17 09:47:47,390 - ResourceManager : found /html/nds/website/init.vml with loader nds.velocity.WebappLoader
2008-08-17 09:47:47,421 - ResourceManager : found /html/nds/website/001/init.vml with loader nds.velocity.WebappLoader
2008-08-17 10:03:18,578 - ResourceManager : found /html/nds/website/001/index.vml with loader nds.velocity.WebappLoader
2008-08-17 10:03:18,593 - ResourceManager : found /html/nds/website/init.vml with loader nds.velocity.WebappLoader
2008-08-17 10:03:18,625 - ResourceManager : found /html/nds/website/001/init.vml with loader nds.velocity.WebappLoader
2008-08-17 10:04:08,296 - ResourceManager : found /html/nds/website/001/index.vml with loader nds.velocity.WebappLoader
2008-08-17 10:04:08,312 - ResourceManager : found /html/nds/website/init.vml with loader nds.velocity.WebappLoader
2008-08-17 10:04:08,328 - ResourceManager : found /html/nds/website/001/init.vml with loader nds.velocity.WebappLoader
2008-08-17 10:04:49,109 - ResourceManager : found /html/nds/website/001/index.vml with loader nds.velocity.WebappLoader
2008-08-17 10:04:49,109 - ResourceManager : found /html/nds/website/init.vml with loader nds.velocity.WebappLoader
2008-08-17 10:04:49,187 - ResourceManager : found /html/nds/website/001/init.vml with loader nds.velocity.WebappLoader
2008-08-17 10:04:58,765 - ResourceManager : found /html/nds/website/001/index.vml with loader nds.velocity.WebappLoader
2008-08-17 10:04:58,781 - ResourceManager : found /html/nds/website/init.vml with loader nds.velocity.WebappLoader
2008-08-17 10:04:58,796 - ResourceManager : found /html/nds/website/001/init.vml with loader nds.velocity.WebappLoader
2008-08-17 10:07:28,968 - ResourceManager : found /html/nds/website/001/index.vml with loader nds.velocity.WebappLoader
2008-08-17 10:07:29,093 - ResourceManager : found /html/nds/website/init.vml with loader nds.velocity.WebappLoader
2008-08-17 10:07:29,109 - ResourceManager : found /html/nds/website/001/init.vml with loader nds.velocity.WebappLoader
2008-08-17 10:07:32,187 - ResourceManager : found /html/nds/website/001/index.vml with loader nds.velocity.WebappLoader
2008-08-17 10:07:32,187 - ResourceManager : found /html/nds/website/init.vml with loader nds.velocity.WebappLoader
2008-08-17 10:07:32,218 - ResourceManager : found /html/nds/website/001/init.vml with loader nds.velocity.WebappLoader
2008-08-17 10:07:38,812 - ResourceManager : found /html/nds/website/001/index.vml with loader nds.velocity.WebappLoader
2008-08-17 10:07:38,828 - ResourceManager : found /html/nds/website/init.vml with loader nds.velocity.WebappLoader
2008-08-17 10:07:38,843 - ResourceManager : found /html/nds/website/001/init.vml with loader nds.velocity.WebappLoader
2008-08-17 10:08:27,687 - ResourceManager : found /html/nds/website/002/index.vml with loader nds.velocity.WebappLoader
2008-08-17 10:08:27,687 - ResourceManager : found /html/nds/website/init.vml with loader nds.velocity.WebappLoader
2008-08-17 10:08:27,703 - ResourceManager : found /html/nds/website/002/init.vml with loader nds.velocity.WebappLoader
2008-08-17 10:08:27,734 - ResourceManager : found /html/nds/website/news_init.vml with loader nds.velocity.WebappLoader
2008-08-17 10:09:16,937 - ResourceManager : found /html/nds/website/002/index.vml with loader nds.velocity.WebappLoader
2008-08-17 10:09:16,937 - ResourceManager : found /html/nds/website/init.vml with loader nds.velocity.WebappLoader
2008-08-17 10:09:16,953 - ResourceManager : found /html/nds/website/002/init.vml with loader nds.velocity.WebappLoader
2008-08-17 10:09:16,968 - ResourceManager : found /html/nds/website/news_init.vml with loader nds.velocity.WebappLoader
2008-08-17 10:09:23,796 - ResourceManager : found /html/nds/website/002/index.vml with loader nds.velocity.WebappLoader
2008-08-17 10:09:23,796 - ResourceManager : found /html/nds/website/init.vml with loader nds.velocity.WebappLoader
2008-08-17 10:09:23,875 - ResourceManager : found /html/nds/website/002/init.vml with loader nds.velocity.WebappLoader
2008-08-17 10:09:23,921 - ResourceManager : found /html/nds/website/news_init.vml with loader nds.velocity.WebappLoader
2008-08-17 10:11:33,312 - ResourceManager : found /html/nds/website/004/index.vml with loader nds.velocity.WebappLoader
2008-08-17 10:11:33,312 - ResourceManager : found /html/nds/website/init.vml with loader nds.velocity.WebappLoader
2008-08-17 10:11:33,328 - ResourceManager : found /html/nds/website/004/init.vml with loader nds.velocity.WebappLoader
2008-08-17 10:11:33,390 - ResourceManager : found /html/nds/website/news_init.vml with loader nds.velocity.WebappLoader
2008-08-17 10:11:47,656 - ResourceManager : found /html/nds/website/004/about.vml with loader nds.velocity.WebappLoader
2008-08-17 10:11:47,671 - ResourceManager : found /html/nds/website/init.vml with loader nds.velocity.WebappLoader
2008-08-17 10:11:47,687 - ResourceManager : found /html/nds/website/004/init.vml with loader nds.velocity.WebappLoader
2008-08-17 10:11:47,718 - ResourceManager : found /html/nds/website/news_init.vml with loader nds.velocity.WebappLoader
2008-08-17 10:12:00,234 - ResourceManager : found /html/nds/website/004/process.vml with loader nds.velocity.WebappLoader
2008-08-17 10:12:00,234 - ResourceManager : found /html/nds/website/init.vml with loader nds.velocity.WebappLoader
2008-08-17 10:12:00,265 - ResourceManager : found /html/nds/website/004/init.vml with loader nds.velocity.WebappLoader
2008-08-17 10:12:00,281 - ResourceManager : found /html/nds/website/news_init.vml with loader nds.velocity.WebappLoader
2008-08-17 10:12:04,203 - ResourceManager : found /html/nds/website/004/index.vml with loader nds.velocity.WebappLoader
2008-08-17 10:12:04,203 - ResourceManager : found /html/nds/website/init.vml with loader nds.velocity.WebappLoader
2008-08-17 10:12:04,234 - ResourceManager : found /html/nds/website/004/init.vml with loader nds.velocity.WebappLoader
2008-08-17 10:12:04,359 - ResourceManager : found /html/nds/website/news_init.vml with loader nds.velocity.WebappLoader
2008-08-17 10:13:02,640 - ResourceManager : found /html/nds/website/004/index.vml with loader nds.velocity.WebappLoader
2008-08-17 10:13:02,640 - ResourceManager : found /html/nds/website/init.vml with loader nds.velocity.WebappLoader
2008-08-17 10:13:02,656 - ResourceManager : found /html/nds/website/004/init.vml with loader nds.velocity.WebappLoader
2008-08-17 10:13:02,671 - ResourceManager : found /html/nds/website/news_init.vml with loader nds.velocity.WebappLoader
2008-08-17 10:13:27,093 - ResourceManager : found /html/nds/website/004/index.vml with loader nds.velocity.WebappLoader
2008-08-17 10:13:27,093 - ResourceManager : found /html/nds/website/init.vml with loader nds.velocity.WebappLoader
2008-08-17 10:13:27,109 - ResourceManager : found /html/nds/website/004/init.vml with loader nds.velocity.WebappLoader
2008-08-17 10:13:27,109 - ResourceManager : found /html/nds/website/news_init.vml with loader nds.velocity.WebappLoader
2008-08-17 10:13:32,265 - ResourceManager : found /html/nds/website/004/index.vml with loader nds.velocity.WebappLoader
2008-08-17 10:13:32,265 - ResourceManager : found /html/nds/website/init.vml with loader nds.velocity.WebappLoader
2008-08-17 10:13:32,296 - ResourceManager : found /html/nds/website/004/init.vml with loader nds.velocity.WebappLoader
2008-08-17 10:13:32,312 - ResourceManager : found /html/nds/website/news_init.vml with loader nds.velocity.WebappLoader
2008-08-17 10:14:01,453 - ResourceManager : found /html/nds/website/003/index.vml with loader nds.velocity.WebappLoader
2008-08-17 10:14:01,453 - ResourceManager : found /html/nds/website/init.vml with loader nds.velocity.WebappLoader
2008-08-17 10:14:01,468 - ResourceManager : found /html/nds/website/003/init.vml with loader nds.velocity.WebappLoader
2008-08-17 10:14:01,484 - ResourceManager : found /html/nds/website/news_init.vml with loader nds.velocity.WebappLoader
2008-08-17 10:14:07,515 - ResourceManager : found /html/nds/website/003/index.vml with loader nds.velocity.WebappLoader
2008-08-17 10:14:07,515 - ResourceManager : found /html/nds/website/init.vml with loader nds.velocity.WebappLoader
2008-08-17 10:14:07,546 - ResourceManager : found /html/nds/website/003/init.vml with loader nds.velocity.WebappLoader
2008-08-17 10:14:07,562 - ResourceManager : found /html/nds/website/news_init.vml with loader nds.velocity.WebappLoader
2008-08-17 10:14:25,953 - ResourceManager : found /html/nds/website/003/about.vml with loader nds.velocity.WebappLoader
2008-08-17 10:14:25,953 - ResourceManager : found /html/nds/website/init.vml with loader nds.velocity.WebappLoader
2008-08-17 10:14:25,968 - ResourceManager : found /html/nds/website/003/init.vml with loader nds.velocity.WebappLoader
2008-08-17 10:14:26,000 - ResourceManager : found /html/nds/website/news_init.vml with loader nds.velocity.WebappLoader
2008-08-17 10:14:31,796 - ResourceManager : found /html/nds/website/003/feedback.vml with loader nds.velocity.WebappLoader
2008-08-17 10:14:31,812 - ResourceManager : found /html/nds/website/init.vml with loader nds.velocity.WebappLoader
2008-08-17 10:14:31,828 - ResourceManager : found /html/nds/website/003/init.vml with loader nds.velocity.WebappLoader
2008-08-17 10:14:31,843 - ResourceManager : found /html/nds/website/news_init.vml with loader nds.velocity.WebappLoader
2008-08-17 10:14:35,703 - ResourceManager : found /html/nds/website/003/about.vml with loader nds.velocity.WebappLoader
2008-08-17 10:14:35,703 - ResourceManager : found /html/nds/website/init.vml with loader nds.velocity.WebappLoader
2008-08-17 10:14:35,718 - ResourceManager : found /html/nds/website/003/init.vml with loader nds.velocity.WebappLoader
2008-08-17 10:14:35,750 - ResourceManager : found /html/nds/website/news_init.vml with loader nds.velocity.WebappLoader
2008-08-17 10:14:38,500 - ResourceManager : found /html/nds/website/003/index.vml with loader nds.velocity.WebappLoader
2008-08-17 10:14:38,500 - ResourceManager : found /html/nds/website/init.vml with loader nds.velocity.WebappLoader
2008-08-17 10:14:38,531 - ResourceManager : found /html/nds/website/003/init.vml with loader nds.velocity.WebappLoader
2008-08-17 10:14:38,625 - ResourceManager : found /html/nds/website/news_init.vml with loader nds.velocity.WebappLoader
2008-08-17 10:14:53,046 - ResourceManager : found /html/nds/website/003/index.vml with loader nds.velocity.WebappLoader
2008-08-17 10:14:53,046 - ResourceManager : found /html/nds/website/init.vml with loader nds.velocity.WebappLoader
2008-08-17 10:14:53,062 - ResourceManager : found /html/nds/website/003/init.vml with loader nds.velocity.WebappLoader
2008-08-17 10:14:53,093 - ResourceManager : found /html/nds/website/news_init.vml with loader nds.velocity.WebappLoader
2008-08-24 06:52:00,422 - SimpleLog4JLogSystem initialized using logfile 'velocity.log'
2008-08-24 06:52:00,422 - ************************************************************** 
2008-08-24 06:52:00,422 - Starting Jakarta Velocity v1.4
2008-08-24 06:52:00,422 - RuntimeInstance initializing.
2008-08-24 06:52:00,422 - Default Properties File: org\apache\velocity\runtime\defaults\velocity.properties
2008-08-24 06:52:00,422 - Trying to use logger class org.apache.velocity.runtime.log.AvalonLogSystem
2008-08-24 06:52:00,422 - Couldn't find class org.apache.velocity.runtime.log.AvalonLogSystem or necessary supporting classes in classpath. Exception : java.lang.NoClassDefFoundError: org/apache/log/format/Formatter
2008-08-24 06:52:00,422 - Trying to use logger class org.apache.velocity.runtime.log.SimpleLog4JLogSystem
2008-08-24 06:52:00,422 - Using logger class org.apache.velocity.runtime.log.SimpleLog4JLogSystem
2008-08-24 06:52:00,422 - Default ResourceManager initializing. (class org.apache.velocity.runtime.resource.ResourceManagerImpl)
2008-08-24 06:52:00,437 - Resource Loader Instantiated: nds.velocity.WebappLoader
2008-08-24 06:52:00,437 - ResourceCache : initialized. (class org.apache.velocity.runtime.resource.ResourceCacheImpl)
2008-08-24 06:52:00,437 - Default ResourceManager initialization complete.
2008-08-24 06:52:00,453 - Loaded System Directive: org.apache.velocity.runtime.directive.Literal
2008-08-24 06:52:00,453 - Loaded System Directive: org.apache.velocity.runtime.directive.Macro
2008-08-24 06:52:00,453 - Loaded System Directive: org.apache.velocity.runtime.directive.Parse
2008-08-24 06:52:00,453 - Loaded System Directive: org.apache.velocity.runtime.directive.Include
2008-08-24 06:52:00,453 - Loaded System Directive: org.apache.velocity.runtime.directive.Foreach
2008-08-24 06:52:00,453 - Created: 20 parsers.
2008-08-24 06:52:00,453 - Velocimacro : initialization starting.
2008-08-24 06:52:00,453 - Velocimacro : adding VMs from VM library template : VM_global_library.vm
2008-08-24 06:52:00,453 - ResourceManager : unable to find resource 'VM_global_library.vm' in any resource loader.
2008-08-24 06:52:00,453 - Velocimacro : error using  VM library template VM_global_library.vm : org.apache.velocity.exception.ResourceNotFoundException: Unable to find resource 'VM_global_library.vm'
2008-08-24 06:52:00,453 - Velocimacro :  VM library template macro registration complete.
2008-08-24 06:52:00,453 - Velocimacro : allowInline = true : VMs can be defined inline in templates
2008-08-24 06:52:00,453 - Velocimacro : allowInlineToOverride = false : VMs defined inline may NOT replace previous VM definitions
2008-08-24 06:52:00,453 - Velocimacro : allowInlineLocal = false : VMs defined inline will be  global in scope if allowed.
2008-08-24 06:52:00,453 - Velocimacro : messages on  : VM system will output logging messages
2008-08-24 06:52:00,453 - Velocimacro : autoload on  : VM system will automatically reload global library macros
2008-08-24 06:52:00,453 - Velocimacro : initialization complete.
2008-08-24 06:52:00,453 - Velocity successfully started.
2008-08-24 06:52:00,594 - ResourceManager : found /html/nds/website/001/index.vml with loader nds.velocity.WebappLoader
2008-08-24 06:52:00,625 - ResourceManager : found /html/nds/website/init.vml with loader nds.velocity.WebappLoader
2008-08-24 06:52:01,250 - ResourceManager : found /html/nds/website/001/init.vml with loader nds.velocity.WebappLoader
2008-08-24 06:52:25,797 - ResourceManager : found /html/nds/website/001/index.vml with loader nds.velocity.WebappLoader
2008-08-24 06:52:25,812 - ResourceManager : found /html/nds/website/init.vml with loader nds.velocity.WebappLoader
2008-08-24 06:52:25,812 - ResourceManager : found /html/nds/website/001/init.vml with loader nds.velocity.WebappLoader
2008-08-25 05:56:20,343 - SimpleLog4JLogSystem initialized using logfile 'velocity.log'
2008-08-25 05:56:20,359 - ************************************************************** 
2008-08-25 05:56:20,359 - Starting Jakarta Velocity v1.4
2008-08-25 05:56:20,359 - RuntimeInstance initializing.
2008-08-25 05:56:20,359 - Default Properties File: org\apache\velocity\runtime\defaults\velocity.properties
2008-08-25 05:56:20,359 - Trying to use logger class org.apache.velocity.runtime.log.AvalonLogSystem
2008-08-25 05:56:20,359 - Couldn't find class org.apache.velocity.runtime.log.AvalonLogSystem or necessary supporting classes in classpath. Exception : java.lang.NoClassDefFoundError: org/apache/log/format/Formatter
2008-08-25 05:56:20,359 - Trying to use logger class org.apache.velocity.runtime.log.SimpleLog4JLogSystem
2008-08-25 05:56:20,359 - Using logger class org.apache.velocity.runtime.log.SimpleLog4JLogSystem
2008-08-25 05:56:20,359 - Default ResourceManager initializing. (class org.apache.velocity.runtime.resource.ResourceManagerImpl)
2008-08-25 05:56:20,375 - Resource Loader Instantiated: nds.velocity.WebappLoader
2008-08-25 05:56:20,375 - ResourceCache : initialized. (class org.apache.velocity.runtime.resource.ResourceCacheImpl)
2008-08-25 05:56:20,375 - Default ResourceManager initialization complete.
2008-08-25 05:56:20,375 - Loaded System Directive: org.apache.velocity.runtime.directive.Literal
2008-08-25 05:56:20,375 - Loaded System Directive: org.apache.velocity.runtime.directive.Macro
2008-08-25 05:56:20,375 - Loaded System Directive: org.apache.velocity.runtime.directive.Parse
2008-08-25 05:56:20,375 - Loaded System Directive: org.apache.velocity.runtime.directive.Include
2008-08-25 05:56:20,375 - Loaded System Directive: org.apache.velocity.runtime.directive.Foreach
2008-08-25 05:56:20,406 - Created: 20 parsers.
2008-08-25 05:56:20,406 - Velocimacro : initialization starting.
2008-08-25 05:56:20,406 - Velocimacro : adding VMs from VM library template : VM_global_library.vm
2008-08-25 05:56:20,406 - ResourceManager : unable to find resource 'VM_global_library.vm' in any resource loader.
2008-08-25 05:56:20,406 - Velocimacro : error using  VM library template VM_global_library.vm : org.apache.velocity.exception.ResourceNotFoundException: Unable to find resource 'VM_global_library.vm'
2008-08-25 05:56:20,406 - Velocimacro :  VM library template macro registration complete.
2008-08-25 05:56:20,406 - Velocimacro : allowInline = true : VMs can be defined inline in templates
2008-08-25 05:56:20,406 - Velocimacro : allowInlineToOverride = false : VMs defined inline may NOT replace previous VM definitions
2008-08-25 05:56:20,406 - Velocimacro : allowInlineLocal = false : VMs defined inline will be  global in scope if allowed.
2008-08-25 05:56:20,406 - Velocimacro : messages on  : VM system will output logging messages
2008-08-25 05:56:20,406 - Velocimacro : autoload on  : VM system will automatically reload global library macros
2008-08-25 05:56:20,406 - Velocimacro : initialization complete.
2008-08-25 05:56:20,406 - Velocity successfully started.
2008-08-25 05:56:20,546 - ResourceManager : found /html/nds/website/001/index.vml with loader nds.velocity.WebappLoader
2008-08-25 05:56:20,578 - ResourceManager : found /html/nds/website/init.vml with loader nds.velocity.WebappLoader
2008-08-25 05:56:20,609 - ResourceManager : found /html/nds/website/001/init.vml with loader nds.velocity.WebappLoader
2008-08-27 17:37:52,906 - SimpleLog4JLogSystem initialized using logfile 'velocity.log'
2008-08-27 17:37:52,906 - ************************************************************** 
2008-08-27 17:37:52,906 - Starting Jakarta Velocity v1.4
2008-08-27 17:37:52,906 - RuntimeInstance initializing.
2008-08-27 17:37:52,906 - Default Properties File: org\apache\velocity\runtime\defaults\velocity.properties
2008-08-27 17:37:52,906 - Trying to use logger class org.apache.velocity.runtime.log.AvalonLogSystem
2008-08-27 17:37:52,906 - Couldn't find class org.apache.velocity.runtime.log.AvalonLogSystem or necessary supporting classes in classpath. Exception : java.lang.NoClassDefFoundError: org/apache/log/format/Formatter
2008-08-27 17:37:52,906 - Trying to use logger class org.apache.velocity.runtime.log.SimpleLog4JLogSystem
2008-08-27 17:37:52,906 - Using logger class org.apache.velocity.runtime.log.SimpleLog4JLogSystem
2008-08-27 17:37:52,906 - Default ResourceManager initializing. (class org.apache.velocity.runtime.resource.ResourceManagerImpl)
2008-08-27 17:37:52,937 - Resource Loader Instantiated: nds.velocity.WebappLoader
2008-08-27 17:37:52,937 - ResourceCache : initialized. (class org.apache.velocity.runtime.resource.ResourceCacheImpl)
2008-08-27 17:37:52,937 - Default ResourceManager initialization complete.
2008-08-27 17:37:52,937 - Loaded System Directive: org.apache.velocity.runtime.directive.Literal
2008-08-27 17:37:52,937 - Loaded System Directive: org.apache.velocity.runtime.directive.Macro
2008-08-27 17:37:52,937 - Loaded System Directive: org.apache.velocity.runtime.directive.Parse
2008-08-27 17:37:52,937 - Loaded System Directive: org.apache.velocity.runtime.directive.Include
2008-08-27 17:37:52,937 - Loaded System Directive: org.apache.velocity.runtime.directive.Foreach
2008-08-27 17:37:52,937 - Created: 20 parsers.
2008-08-27 17:37:52,937 - Velocimacro : initialization starting.
2008-08-27 17:37:52,937 - Velocimacro : adding VMs from VM library template : VM_global_library.vm
2008-08-27 17:37:52,937 - ResourceManager : unable to find resource 'VM_global_library.vm' in any resource loader.
2008-08-27 17:37:52,937 - Velocimacro : error using  VM library template VM_global_library.vm : org.apache.velocity.exception.ResourceNotFoundException: Unable to find resource 'VM_global_library.vm'
2008-08-27 17:37:52,937 - Velocimacro :  VM library template macro registration complete.
2008-08-27 17:37:52,937 - Velocimacro : allowInline = true : VMs can be defined inline in templates
2008-08-27 17:37:52,937 - Velocimacro : allowInlineToOverride = false : VMs defined inline may NOT replace previous VM definitions
2008-08-27 17:37:52,937 - Velocimacro : allowInlineLocal = false : VMs defined inline will be  global in scope if allowed.
2008-08-27 17:37:52,937 - Velocimacro : messages on  : VM system will output logging messages
2008-08-27 17:37:52,937 - Velocimacro : autoload on  : VM system will automatically reload global library macros
2008-08-27 17:37:52,937 - Velocimacro : initialization complete.
2008-08-27 17:37:52,937 - Velocity successfully started.
2008-08-27 17:37:53,343 - ResourceManager : found /html/nds/website/001/index.vml with loader nds.velocity.WebappLoader
2008-08-27 17:37:53,390 - ResourceManager : found /html/nds/website/init.vml with loader nds.velocity.WebappLoader
2008-08-27 17:37:53,562 - ResourceManager : found /html/nds/website/001/init.vml with loader nds.velocity.WebappLoader
2008-09-03 16:04:10,312 - SimpleLog4JLogSystem initialized using logfile 'velocity.log'
2008-09-03 16:04:10,312 - ************************************************************** 
2008-09-03 16:04:10,312 - Starting Jakarta Velocity v1.4
2008-09-03 16:04:10,312 - RuntimeInstance initializing.
2008-09-03 16:04:10,312 - Default Properties File: org\apache\velocity\runtime\defaults\velocity.properties
2008-09-03 16:04:10,312 - Trying to use logger class org.apache.velocity.runtime.log.AvalonLogSystem
2008-09-03 16:04:10,312 - Couldn't find class org.apache.velocity.runtime.log.AvalonLogSystem or necessary supporting classes in classpath. Exception : java.lang.NoClassDefFoundError: org/apache/log/format/Formatter
2008-09-03 16:04:10,312 - Trying to use logger class org.apache.velocity.runtime.log.SimpleLog4JLogSystem
2008-09-03 16:04:10,312 - Using logger class org.apache.velocity.runtime.log.SimpleLog4JLogSystem
2008-09-03 16:04:10,312 - Default ResourceManager initializing. (class org.apache.velocity.runtime.resource.ResourceManagerImpl)
2008-09-03 16:04:10,312 - Resource Loader Instantiated: nds.velocity.WebappLoader
2008-09-03 16:04:10,312 - ResourceCache : initialized. (class org.apache.velocity.runtime.resource.ResourceCacheImpl)
2008-09-03 16:04:10,312 - Default ResourceManager initialization complete.
2008-09-03 16:04:10,312 - Loaded System Directive: org.apache.velocity.runtime.directive.Literal
2008-09-03 16:04:10,312 - Loaded System Directive: org.apache.velocity.runtime.directive.Macro
2008-09-03 16:04:10,312 - Loaded System Directive: org.apache.velocity.runtime.directive.Parse
2008-09-03 16:04:10,312 - Loaded System Directive: org.apache.velocity.runtime.directive.Include
2008-09-03 16:04:10,312 - Loaded System Directive: org.apache.velocity.runtime.directive.Foreach
2008-09-03 16:04:10,312 - Created: 20 parsers.
2008-09-03 16:04:10,312 - Velocimacro : initialization starting.
2008-09-03 16:04:10,312 - Velocimacro : adding VMs from VM library template : VM_global_library.vm
2008-09-03 16:04:10,312 - ResourceManager : unable to find resource 'VM_global_library.vm' in any resource loader.
2008-09-03 16:04:10,312 - Velocimacro : error using  VM library template VM_global_library.vm : org.apache.velocity.exception.ResourceNotFoundException: Unable to find resource 'VM_global_library.vm'
2008-09-03 16:04:10,312 - Velocimacro :  VM library template macro registration complete.
2008-09-03 16:04:10,312 - Velocimacro : allowInline = true : VMs can be defined inline in templates
2008-09-03 16:04:10,312 - Velocimacro : allowInlineToOverride = false : VMs defined inline may NOT replace previous VM definitions
2008-09-03 16:04:10,312 - Velocimacro : allowInlineLocal = false : VMs defined inline will be  global in scope if allowed.
2008-09-03 16:04:10,312 - Velocimacro : messages on  : VM system will output logging messages
2008-09-03 16:04:10,312 - Velocimacro : autoload on  : VM system will automatically reload global library macros
2008-09-03 16:04:10,312 - Velocimacro : initialization complete.
2008-09-03 16:04:10,312 - Velocity successfully started.
2008-09-03 16:24:39,484 - SimpleLog4JLogSystem initialized using logfile 'velocity.log'
2008-09-03 16:24:39,484 - ************************************************************** 
2008-09-03 16:24:39,484 - Starting Jakarta Velocity v1.4
2008-09-03 16:24:39,484 - RuntimeInstance initializing.
2008-09-03 16:24:39,484 - Default Properties File: org\apache\velocity\runtime\defaults\velocity.properties
2008-09-03 16:24:39,484 - Trying to use logger class org.apache.velocity.runtime.log.AvalonLogSystem
2008-09-03 16:24:39,484 - Couldn't find class org.apache.velocity.runtime.log.AvalonLogSystem or necessary supporting classes in classpath. Exception : java.lang.NoClassDefFoundError: org/apache/log/format/Formatter
2008-09-03 16:24:39,484 - Trying to use logger class org.apache.velocity.runtime.log.SimpleLog4JLogSystem
2008-09-03 16:24:39,484 - Using logger class org.apache.velocity.runtime.log.SimpleLog4JLogSystem
2008-09-03 16:24:39,484 - Default ResourceManager initializing. (class org.apache.velocity.runtime.resource.ResourceManagerImpl)
2008-09-03 16:24:39,484 - Resource Loader Instantiated: nds.velocity.WebappLoader
2008-09-03 16:24:39,500 - ResourceCache : initialized. (class org.apache.velocity.runtime.resource.ResourceCacheImpl)
2008-09-03 16:24:39,500 - Default ResourceManager initialization complete.
2008-09-03 16:24:39,500 - Loaded System Directive: org.apache.velocity.runtime.directive.Literal
2008-09-03 16:24:39,500 - Loaded System Directive: org.apache.velocity.runtime.directive.Macro
2008-09-03 16:24:39,500 - Loaded System Directive: org.apache.velocity.runtime.directive.Parse
2008-09-03 16:24:39,500 - Loaded System Directive: org.apache.velocity.runtime.directive.Include
2008-09-03 16:24:39,500 - Loaded System Directive: org.apache.velocity.runtime.directive.Foreach
2008-09-03 16:24:39,515 - Created: 20 parsers.
2008-09-03 16:24:39,515 - Velocimacro : initialization starting.
2008-09-03 16:24:39,515 - Velocimacro : adding VMs from VM library template : VM_global_library.vm
2008-09-03 16:24:39,531 - ResourceManager : unable to find resource 'VM_global_library.vm' in any resource loader.
2008-09-03 16:24:39,531 - Velocimacro : error using  VM library template VM_global_library.vm : org.apache.velocity.exception.ResourceNotFoundException: Unable to find resource 'VM_global_library.vm'
2008-09-03 16:24:39,531 - Velocimacro :  VM library template macro registration complete.
2008-09-03 16:24:39,531 - Velocimacro : allowInline = true : VMs can be defined inline in templates
2008-09-03 16:24:39,531 - Velocimacro : allowInlineToOverride = false : VMs defined inline may NOT replace previous VM definitions
2008-09-03 16:24:39,531 - Velocimacro : allowInlineLocal = false : VMs defined inline will be  global in scope if allowed.
2008-09-03 16:24:39,531 - Velocimacro : messages on  : VM system will output logging messages
2008-09-03 16:24:39,531 - Velocimacro : autoload on  : VM system will automatically reload global library macros
2008-09-03 16:24:39,531 - Velocimacro : initialization complete.
2008-09-03 16:24:39,531 - Velocity successfully started.
2009-01-07 11:21:18,390 - SimpleLog4JLogSystem initialized using logfile 'velocity.log'
2009-01-07 11:21:18,390 - ************************************************************** 
2009-01-07 11:21:18,390 - Starting Jakarta Velocity v1.4
2009-01-07 11:21:18,390 - RuntimeInstance initializing.
2009-01-07 11:21:18,390 - Default Properties File: org\apache\velocity\runtime\defaults\velocity.properties
2009-01-07 11:21:18,390 - Trying to use logger class org.apache.velocity.runtime.log.AvalonLogSystem
2009-01-07 11:21:18,390 - Couldn't find class org.apache.velocity.runtime.log.AvalonLogSystem or necessary supporting classes in classpath. Exception : java.lang.NoClassDefFoundError: org/apache/log/format/Formatter
2009-01-07 11:21:18,390 - Trying to use logger class org.apache.velocity.runtime.log.SimpleLog4JLogSystem
2009-01-07 11:21:18,390 - Using logger class org.apache.velocity.runtime.log.SimpleLog4JLogSystem
2009-01-07 11:21:18,390 - Default ResourceManager initializing. (class org.apache.velocity.runtime.resource.ResourceManagerImpl)
2009-01-07 11:21:18,453 - Resource Loader Instantiated: nds.velocity.WebappLoader
2009-01-07 11:21:18,484 - ResourceCache : initialized. (class org.apache.velocity.runtime.resource.ResourceCacheImpl)
2009-01-07 11:21:18,484 - Default ResourceManager initialization complete.
2009-01-07 11:21:18,484 - Loaded System Directive: org.apache.velocity.runtime.directive.Literal
2009-01-07 11:21:18,484 - Loaded System Directive: org.apache.velocity.runtime.directive.Macro
2009-01-07 11:21:18,484 - Loaded System Directive: org.apache.velocity.runtime.directive.Parse
2009-01-07 11:21:18,484 - Loaded System Directive: org.apache.velocity.runtime.directive.Include
2009-01-07 11:21:18,484 - Loaded System Directive: org.apache.velocity.runtime.directive.Foreach
2009-01-07 11:21:18,484 - Created: 20 parsers.
2009-01-07 11:21:18,484 - Velocimacro : initialization starting.
2009-01-07 11:21:18,484 - Velocimacro : adding VMs from VM library template : VM_global_library.vm
2009-01-07 11:21:18,500 - ResourceManager : unable to find resource 'VM_global_library.vm' in any resource loader.
2009-01-07 11:21:18,500 - Velocimacro : error using  VM library template VM_global_library.vm : org.apache.velocity.exception.ResourceNotFoundException: Unable to find resource 'VM_global_library.vm'
2009-01-07 11:21:18,500 - Velocimacro :  VM library template macro registration complete.
2009-01-07 11:21:18,500 - Velocimacro : allowInline = true : VMs can be defined inline in templates
2009-01-07 11:21:18,500 - Velocimacro : allowInlineToOverride = false : VMs defined inline may NOT replace previous VM definitions
2009-01-07 11:21:18,500 - Velocimacro : allowInlineLocal = false : VMs defined inline will be  global in scope if allowed.
2009-01-07 11:21:18,500 - Velocimacro : messages on  : VM system will output logging messages
2009-01-07 11:21:18,500 - Velocimacro : autoload on  : VM system will automatically reload global library macros
2009-01-07 11:21:18,500 - Velocimacro : initialization complete.
2009-01-07 11:21:18,500 - Velocity successfully started.
